Using pre-set license
Built from '2020.3/release' branch; Version is '2020.3.27f1 (e759542391ea) revision 15161684'; Using compiler version '192528614'; Build Type 'Release'
OS: 'Windows 11  (10.0.22631) 64bit Core' Language: 'en' Physical Memory: 7916 MB
BatchMode: 1, IsHumanControllingUs: 0, StartBugReporterOnCrash: 0, Is64bit: 1, IsPro: 0

COMMAND LINE ARGUMENTS:
C:\Program Files\Unity\Hub\Editor\2020.3.27f1\Editor\Unity.exe
-adb2
-batchMode
-noUpm
-name
AssetImportWorker0
-projectPath
C:/Users/ruth1/OneDrive/Documents/GitHub/Strike-of-Gods
-logFile
Logs/AssetImportWorker0.log
-srvPort
55571
Successfully changed project path to: C:/Users/ruth1/OneDrive/Documents/GitHub/Strike-of-Gods
C:/Users/ruth1/OneDrive/Documents/GitHub/Strike-of-Gods
Using Asset Import Pipeline V2.
Refreshing native plugins compatible for Editor in 57.11 ms, found 3 plugins.
Preloading 0 native plugins for Editor in 0.00 ms.
Initialize engine version: 2020.3.27f1 (e759542391ea)
[Subsystems] Discovering subsystems at path C:/Program Files/Unity/Hub/Editor/2020.3.27f1/Editor/Data/Resources/UnitySubsystems
[Subsystems] Discovering subsystems at path C:/Users/ruth1/OneDrive/Documents/GitHub/Strike-of-Gods/Assets
GfxDevice: creating device client; threaded=0
Direct3D:
    Version:  Direct3D 11.0 [level 11.1]
    Renderer: NVIDIA GeForce RTX 3050 6GB Laptop GPU (ID=0x25ec)
    Vendor:   
    VRAM:     6017 MB
    Driver:   31.0.15.4683
Initialize mono
Mono path[0] = 'C:/Program Files/Unity/Hub/Editor/2020.3.27f1/Editor/Data/Managed'
Mono path[1] = 'C:/Program Files/Unity/Hub/Editor/2020.3.27f1/Editor/Data/MonoBleedingEdge/lib/mono/unityjit'
Mono config path = 'C:/Program Files/Unity/Hub/Editor/2020.3.27f1/Editor/Data/MonoBleedingEdge/etc'
Using monoOptions --debugger-agent=transport=dt_socket,embedding=1,server=y,suspend=n,address=127.0.0.1:56764
Begin MonoManager ReloadAssembly
Registering precompiled unity dll's ...
Register platform support module: C:/Program Files/Unity/Hub/Editor/2020.3.27f1/Editor/Data/PlaybackEngines/WindowsStandaloneSupport/UnityEditor.WindowsStandalone.Extensions.dll
Registered in 0.004697 seconds.
Native extension for WindowsStandalone target not found
Refreshing native plugins compatible for Editor in 39.61 ms, found 3 plugins.
Preloading 0 native plugins for Editor in 0.00 ms.
Mono: successfully reloaded assembly
- Completed reload, in  0.521 seconds
Domain Reload Profiling:
	ReloadAssembly (521ms)
		BeginReloadAssembly (109ms)
			ExecutionOrderSort (0ms)
			DisableScriptedObjects (0ms)
			BackupInstance (0ms)
			ReleaseScriptingObjects (0ms)
			CreateAndSetChildDomain (1ms)
		EndReloadAssembly (355ms)
			LoadAssemblies (107ms)
			RebuildTransferFunctionScriptingTraits (0ms)
			SetupTypeCache (107ms)
			ReleaseScriptCaches (0ms)
			RebuildScriptCaches (27ms)
			SetupLoadedEditorAssemblies (138ms)
				LogAssemblyErrors (0ms)
				InitializePlatformSupportModulesInManaged (5ms)
				SetLoadedEditorAssemblies (0ms)
				RefreshPlugins (40ms)
				BeforeProcessingInitializeOnLoad (7ms)
				ProcessInitializeOnLoadAttributes (65ms)
				ProcessInitializeOnLoadMethodAttributes (20ms)
				AfterProcessingInitializeOnLoad (0ms)
				EditorAssembliesLoaded (0ms)
			ExecutionOrderSort2 (0ms)
			AwakeInstancesAfterBackupRestoration (0ms)
Platform modules already initialized, skipping
Registering precompiled user dll's ...
Registered in 0.016184 seconds.
Begin MonoManager ReloadAssembly
Native extension for WindowsStandalone target not found
Refreshing native plugins compatible for Editor in 68.15 ms, found 3 plugins.
Preloading 0 native plugins for Editor in 0.00 ms.
Mono: successfully reloaded assembly
- Completed reload, in  1.017 seconds
Domain Reload Profiling:
	ReloadAssembly (1018ms)
		BeginReloadAssembly (115ms)
			ExecutionOrderSort (0ms)
			DisableScriptedObjects (4ms)
			BackupInstance (0ms)
			ReleaseScriptingObjects (0ms)
			CreateAndSetChildDomain (15ms)
		EndReloadAssembly (849ms)
			LoadAssemblies (134ms)
			RebuildTransferFunctionScriptingTraits (0ms)
			SetupTypeCache (245ms)
			ReleaseScriptCaches (0ms)
			RebuildScriptCaches (41ms)
			SetupLoadedEditorAssemblies (357ms)
				LogAssemblyErrors (0ms)
				InitializePlatformSupportModulesInManaged (3ms)
				SetLoadedEditorAssemblies (0ms)
				RefreshPlugins (68ms)
				BeforeProcessingInitializeOnLoad (54ms)
				ProcessInitializeOnLoadAttributes (198ms)
				ProcessInitializeOnLoadMethodAttributes (27ms)
				AfterProcessingInitializeOnLoad (5ms)
				EditorAssembliesLoaded (0ms)
			ExecutionOrderSort2 (0ms)
			AwakeInstancesAfterBackupRestoration (5ms)
Platform modules already initialized, skipping
========================================================================
Worker process is ready to serve import requests
Launched and connected shader compiler UnityShaderCompiler.exe after 0.08 seconds
Refreshing native plugins compatible for Editor in 0.52 ms, found 3 plugins.
Preloading 0 native plugins for Editor in 0.00 ms.
Unloading 2552 Unused Serialized files (Serialized files now loaded: 0)
System memory in use before: 111.4 MB.
System memory in use after: 111.4 MB.

Unloading 37 unused Assets to reduce memory usage. Loaded Objects now: 2981.
Total: 3.239100 ms (FindLiveObjects: 0.159400 ms CreateObjectMapping: 0.041900 ms MarkObjects: 2.861900 ms  DeleteObjects: 0.174600 ms)

AssetImportParameters requested are different than current active one (requested -> active):
  custom:framework-win-MediaFoundation: 216162199b28c13a410421893ffa2e32 -> 
  custom:video-decoder-ogg-theora: a1e56fd34408186e4bbccfd4996cb3dc -> 
  custom:container-muxer-webm: aa71ff27fc2769a1b78a27578f13a17b -> 
  custom:container-demuxer-webm: 4f35f7cbe854078d1ac9338744f61a02 -> 
  custom:container-demuxer-ogg: 62fdf1f143b41e24485cea50d1cbac27 -> 
  custom:video-encoder-webm-vp8: eb34c28f22e8b96e1ab97ce403110664 -> 
  custom:video-codec-MediaFoundation-h265: 746d11721c4dcdbdad8f713fa42b33f4 -> 
  custom:video-decoder-webm-vp8: 9c59270c3fd7afecdb556c50c9e8de78 -> 
  custom:audio-decoder-ogg-vorbis: bf7c407c2cedff20999df2af8eb42d56 -> 
  custom:audio-encoder-webm-vorbis: bf7c407c2cedff20999df2af8eb42d56 -> 
========================================================================
Received Import Request.
  path: Assets/art
  artifactKey: Guid(5148ff90bf7ea48c69c06ff54f0135fc) Importer(815301076,1909f56bfc062723c751e8b465ee728b)
Start importing Assets/art using Guid(5148ff90bf7ea48c69c06ff54f0135fc) Importer(815301076,1909f56bfc062723c751e8b465ee728b)  -> (artifact id: 'dc802bc8a11a601b46b6634950247fa3') in 0.006489 seconds 
  Import took 0.010826 seconds .

========================================================================
Received Import Request.
  Time since last request: 0.000761 seconds.
  path: Assets/art/animation
  artifactKey: Guid(6123d1febadab4a6c920b23f7a1df9f0) Importer(815301076,1909f56bfc062723c751e8b465ee728b)
Start importing Assets/art/animation using Guid(6123d1febadab4a6c920b23f7a1df9f0) Importer(815301076,1909f56bfc062723c751e8b465ee728b)  -> (artifact id: '6e60f519745a8f37f06210e74bb1d9b1') in 0.001466 seconds 
  Import took 0.005665 seconds .

========================================================================
Received Import Request.
  Time since last request: 0.000269 seconds.
  path: Assets/art/animation/New Animator Controller.controller
  artifactKey: Guid(3629d8bcf7f014a05967940537d18337) Importer(815301076,1909f56bfc062723c751e8b465ee728b)
Start importing Assets/art/animation/New Animator Controller.controller using Guid(3629d8bcf7f014a05967940537d18337) Importer(815301076,1909f56bfc062723c751e8b465ee728b)  -> (artifact id: 'c441ec2f2b78ec14d1a0b1b77322567e') in 0.033237 seconds 
  Import took 0.038374 seconds .

========================================================================
Received Import Request.
  Time since last request: 13.144338 seconds.
  path: Assets/art/Stage 1
  artifactKey: Guid(e941aec104bf8744fb6cfcecaa8b399f) Importer(815301076,1909f56bfc062723c751e8b465ee728b)
Start importing Assets/art/Stage 1 using Guid(e941aec104bf8744fb6cfcecaa8b399f) Importer(815301076,1909f56bfc062723c751e8b465ee728b)  -> (artifact id: '59c62e3843cea3215e734f93e95f7dfd') in 0.004368 seconds 
  Import took 0.008752 seconds .

========================================================================
Received Import Request.
  Time since last request: 26.866693 seconds.
  path: Assets/art/Stage 1/Untitled21_20241026182109.png
  artifactKey: Guid(94e595006023a13478569e612daed3c4) Importer(815301076,1909f56bfc062723c751e8b465ee728b)
Start importing Assets/art/Stage 1/Untitled21_20241026182109.png using Guid(94e595006023a13478569e612daed3c4) Importer(815301076,1909f56bfc062723c751e8b465ee728b)  -> (artifact id: '5173ac53ebe646e57815875f714ee47a') in 0.104412 seconds 
  Import took 0.109466 seconds .

========================================================================
Received Import Request.
  Time since last request: 27.770780 seconds.
  path: Assets/art/Stage 1/ref picture.png
  artifactKey: Guid(94e595006023a13478569e612daed3c4) Importer(815301076,1909f56bfc062723c751e8b465ee728b)
Start importing Assets/art/Stage 1/ref picture.png using Guid(94e595006023a13478569e612daed3c4) Importer(815301076,1909f56bfc062723c751e8b465ee728b)  -> (artifact id: '5cac27c08ba574ba4bc66df1be76248c') in 0.076186 seconds 
  Import took 0.108123 seconds .

========================================================================
Received Import Request.
  Time since last request: 15.134678 seconds.
  path: Assets/art/Stage 1/stage 1 sprites
  artifactKey: Guid(3b61742aae45ba843ad38869f765f895) Importer(815301076,1909f56bfc062723c751e8b465ee728b)
Start importing Assets/art/Stage 1/stage 1 sprites using Guid(3b61742aae45ba843ad38869f765f895) Importer(815301076,1909f56bfc062723c751e8b465ee728b)  -> (artifact id: 'b43cd797f36101f93d3fe3f1aab4ce5d') in 0.002904 seconds 
  Import took 0.011072 seconds .

========================================================================
Received Import Request.
  Time since last request: 103.562561 seconds.
  path: Assets/art/Stage 1/stage 1 sprites/Untitled21_20241026182631.png
  artifactKey: Guid(fb3c1d07ab9afb047ab17adf5862eae1) Importer(815301076,1909f56bfc062723c751e8b465ee728b)
Start importing Assets/art/Stage 1/stage 1 sprites/Untitled21_20241026182631.png using Guid(fb3c1d07ab9afb047ab17adf5862eae1) Importer(815301076,1909f56bfc062723c751e8b465ee728b)  -> (artifact id: '8b25aa3d0e4b06d058fcec015e2d5ccf') in 0.019021 seconds 
  Import took 0.027755 seconds .

========================================================================
Received Import Request.
  Time since last request: 0.000329 seconds.
  path: Assets/art/Stage 1/stage 1 sprites/Untitled21_20241026182756.png
  artifactKey: Guid(812ddca819ccd744385f53d068e71667) Importer(815301076,1909f56bfc062723c751e8b465ee728b)
Start importing Assets/art/Stage 1/stage 1 sprites/Untitled21_20241026182756.png using Guid(812ddca819ccd744385f53d068e71667) Importer(815301076,1909f56bfc062723c751e8b465ee728b)  -> (artifact id: '8392b87daf45d92dcb2b18e2aade6bc2') in 0.014273 seconds 
  Import took 0.019549 seconds .

========================================================================
Received Import Request.
  Time since last request: 0.000516 seconds.
  path: Assets/art/Stage 1/stage 1 sprites/Untitled21_20241026182801.png
  artifactKey: Guid(06c3a957c34de9b499c141552fd51e8e) Importer(815301076,1909f56bfc062723c751e8b465ee728b)
Start importing Assets/art/Stage 1/stage 1 sprites/Untitled21_20241026182801.png using Guid(06c3a957c34de9b499c141552fd51e8e) Importer(815301076,1909f56bfc062723c751e8b465ee728b)  -> (artifact id: '5de8562ad705f56702fd7380eafcd41d') in 0.014653 seconds 
  Import took 0.020628 seconds .

========================================================================
Received Import Request.
  Time since last request: 0.000292 seconds.
  path: Assets/art/Stage 1/stage 1 sprites/Untitled21_20241026182751.png
  artifactKey: Guid(dd6c8df91b112ac4190e42c8060f3d9b) Importer(815301076,1909f56bfc062723c751e8b465ee728b)
Start importing Assets/art/Stage 1/stage 1 sprites/Untitled21_20241026182751.png using Guid(dd6c8df91b112ac4190e42c8060f3d9b) Importer(815301076,1909f56bfc062723c751e8b465ee728b)  -> (artifact id: '2a8da2475327690deffc42f7ecc5fc01') in 0.012400 seconds 
  Import took 0.016616 seconds .

========================================================================
Received Import Request.
  Time since last request: 0.000207 seconds.
  path: Assets/art/Stage 1/stage 1 sprites/Untitled21_20241026182733.png
  artifactKey: Guid(59ec6f21fdc38f745bd5f8ddc21cb80a) Importer(815301076,1909f56bfc062723c751e8b465ee728b)
Start importing Assets/art/Stage 1/stage 1 sprites/Untitled21_20241026182733.png using Guid(59ec6f21fdc38f745bd5f8ddc21cb80a) Importer(815301076,1909f56bfc062723c751e8b465ee728b)  -> (artifact id: '155d681425ffc18e9d6349a9534db995') in 0.013081 seconds 
  Import took 0.016797 seconds .

========================================================================
Received Import Request.
  Time since last request: 0.000465 seconds.
  path: Assets/art/Stage 1/stage 1 sprites/Untitled21_20241026182655.png
  artifactKey: Guid(1794305e8c14676489089790010dd9a1) Importer(815301076,1909f56bfc062723c751e8b465ee728b)
Start importing Assets/art/Stage 1/stage 1 sprites/Untitled21_20241026182655.png using Guid(1794305e8c14676489089790010dd9a1) Importer(815301076,1909f56bfc062723c751e8b465ee728b)  -> (artifact id: '6a3b38547c795c23c9898dc154341229') in 0.012646 seconds 
  Import took 0.017682 seconds .

========================================================================
Received Import Request.
  Time since last request: 0.000250 seconds.
  path: Assets/art/Stage 1/stage 1 sprites/Untitled21_20241026182744.png
  artifactKey: Guid(20d2bd3b25a2ed24c99a4e38de23e7a9) Importer(815301076,1909f56bfc062723c751e8b465ee728b)
Start importing Assets/art/Stage 1/stage 1 sprites/Untitled21_20241026182744.png using Guid(20d2bd3b25a2ed24c99a4e38de23e7a9) Importer(815301076,1909f56bfc062723c751e8b465ee728b)  -> (artifact id: '13d50ef1bfcd2ccd9af244299cb19f66') in 0.011805 seconds 
  Import took 0.017285 seconds .

========================================================================
Received Import Request.
  Time since last request: 0.000385 seconds.
  path: Assets/art/Stage 1/stage 1 sprites/Untitled21_20241026182725.png
  artifactKey: Guid(4120eb97d7307d340b2936e999796a27) Importer(815301076,1909f56bfc062723c751e8b465ee728b)
Start importing Assets/art/Stage 1/stage 1 sprites/Untitled21_20241026182725.png using Guid(4120eb97d7307d340b2936e999796a27) Importer(815301076,1909f56bfc062723c751e8b465ee728b)  -> (artifact id: 'c8bf8982439dc2df9edc2e2312a2e3ea') in 0.017203 seconds 
  Import took 0.023220 seconds .

========================================================================
Received Import Request.
  Time since last request: 0.000236 seconds.
  path: Assets/art/Stage 1/stage 1 sprites/Untitled21_20241026182646.png
  artifactKey: Guid(8da365f3a32238545a6a3a87b18d6310) Importer(815301076,1909f56bfc062723c751e8b465ee728b)
Start importing Assets/art/Stage 1/stage 1 sprites/Untitled21_20241026182646.png using Guid(8da365f3a32238545a6a3a87b18d6310) Importer(815301076,1909f56bfc062723c751e8b465ee728b)  -> (artifact id: 'ff8dc57b01c7f3333ff0e7228d290652') in 0.011940 seconds 
  Import took 0.015616 seconds .

========================================================================
Received Import Request.
  Time since last request: 0.000289 seconds.
  path: Assets/art/Stage 1/stage 1 sprites/Untitled21_20241026182705.png
  artifactKey: Guid(f8a4616581679c741b33011bc3851a6c) Importer(815301076,1909f56bfc062723c751e8b465ee728b)
Start importing Assets/art/Stage 1/stage 1 sprites/Untitled21_20241026182705.png using Guid(f8a4616581679c741b33011bc3851a6c) Importer(815301076,1909f56bfc062723c751e8b465ee728b)  -> (artifact id: '8a75f94340eb3246635b56fd249a54e5') in 0.015875 seconds 
  Import took 0.022497 seconds .

========================================================================
Received Import Request.
  Time since last request: 0.000756 seconds.
  path: Assets/art/Stage 1/stage 1 sprites/Untitled21_20241026182710.png
  artifactKey: Guid(78930502fa922114fa886c033acdeb2d) Importer(815301076,1909f56bfc062723c751e8b465ee728b)
Start importing Assets/art/Stage 1/stage 1 sprites/Untitled21_20241026182710.png using Guid(78930502fa922114fa886c033acdeb2d) Importer(815301076,1909f56bfc062723c751e8b465ee728b)  -> (artifact id: 'd44e7875f5096e03a86e074bb99650dd') in 0.018067 seconds 
  Import took 0.023967 seconds .

========================================================================
Received Import Request.
  Time since last request: 0.000519 seconds.
  path: Assets/art/Stage 1/stage 1 sprites/Untitled21_20241026182739.png
  artifactKey: Guid(5a89d47b5eab660478c551e99bacfadd) Importer(815301076,1909f56bfc062723c751e8b465ee728b)
Start importing Assets/art/Stage 1/stage 1 sprites/Untitled21_20241026182739.png using Guid(5a89d47b5eab660478c551e99bacfadd) Importer(815301076,1909f56bfc062723c751e8b465ee728b)  -> (artifact id: '7345a91867e9a68a3a681b6d7e021184') in 0.031098 seconds 
  Import took 0.038512 seconds .

========================================================================
Received Import Request.
  Time since last request: 21.909182 seconds.
  path: Assets/Scenes/Scene 1.unity
  artifactKey: Guid(48266b7c8e28d4d8489f02922eb566e9) Importer(815301076,1909f56bfc062723c751e8b465ee728b)
Start importing Assets/Scenes/Scene 1.unity using Guid(48266b7c8e28d4d8489f02922eb566e9) Importer(815301076,1909f56bfc062723c751e8b465ee728b)  -> (artifact id: '622163f6e4b3950fbca0f9256930c3b9') in 0.003869 seconds 
  Import took 0.016861 seconds .

========================================================================
Received Import Request.
  Time since last request: 1.620261 seconds.
  path: Assets/Scenes/testing scene .unity
  artifactKey: Guid(3e973372dab734e0eb6f60794d4b9b12) Importer(815301076,1909f56bfc062723c751e8b465ee728b)
Start importing Assets/Scenes/testing scene .unity using Guid(3e973372dab734e0eb6f60794d4b9b12) Importer(815301076,1909f56bfc062723c751e8b465ee728b)  -> (artifact id: '5ab8deed35187751387b7fb401eaee0e') in 0.009521 seconds 
  Import took 0.025244 seconds .

========================================================================
Received Import Request.
  Time since last request: 2.705492 seconds.
  path: Assets/Scriptable Object/PlayerOne.asset
  artifactKey: Guid(c2e6fb0c6d30742dc98936af1c3ce8de) Importer(815301076,1909f56bfc062723c751e8b465ee728b)
Start importing Assets/Scriptable Object/PlayerOne.asset using Guid(c2e6fb0c6d30742dc98936af1c3ce8de) Importer(815301076,1909f56bfc062723c751e8b465ee728b)  -> (artifact id: '75c0ef2e91478f1908d0732fd7250588') in 0.008872 seconds 
  Import took 0.012709 seconds .

========================================================================
Received Import Request.
  Time since last request: 0.000734 seconds.
  path: Assets/Scriptable Object/PlayerTwo.asset
  artifactKey: Guid(8bb19ed7f08da4561a925c152a50dbb9) Importer(815301076,1909f56bfc062723c751e8b465ee728b)
Start importing Assets/Scriptable Object/PlayerTwo.asset using Guid(8bb19ed7f08da4561a925c152a50dbb9) Importer(815301076,1909f56bfc062723c751e8b465ee728b)  -> (artifact id: 'bb5f97b2b29a9aab11b6bffc6165cf4f') in 0.003046 seconds 
  Import took 0.008123 seconds .

========================================================================
Received Prepare
Registering precompiled user dll's ...
Registered in 0.006634 seconds.
Begin MonoManager ReloadAssembly
Native extension for WindowsStandalone target not found
Refreshing native plugins compatible for Editor in 1.10 ms, found 3 plugins.
Preloading 0 native plugins for Editor in 0.00 ms.
Mono: successfully reloaded assembly
- Completed reload, in  1.344 seconds
Domain Reload Profiling:
	ReloadAssembly (1344ms)
		BeginReloadAssembly (141ms)
			ExecutionOrderSort (0ms)
			DisableScriptedObjects (5ms)
			BackupInstance (0ms)
			ReleaseScriptingObjects (0ms)
			CreateAndSetChildDomain (61ms)
		EndReloadAssembly (1159ms)
			LoadAssemblies (91ms)
			RebuildTransferFunctionScriptingTraits (0ms)
			SetupTypeCache (390ms)
			ReleaseScriptCaches (1ms)
			RebuildScriptCaches (53ms)
			SetupLoadedEditorAssemblies (467ms)
				LogAssemblyErrors (0ms)
				InitializePlatformSupportModulesInManaged (5ms)
				SetLoadedEditorAssemblies (1ms)
				RefreshPlugins (1ms)
				BeforeProcessingInitializeOnLoad (100ms)
				ProcessInitializeOnLoadAttributes (342ms)
				ProcessInitializeOnLoadMethodAttributes (11ms)
				AfterProcessingInitializeOnLoad (5ms)
				EditorAssembliesLoaded (0ms)
			ExecutionOrderSort2 (0ms)
			AwakeInstancesAfterBackupRestoration (6ms)
Platform modules already initialized, skipping
Refreshing native plugins compatible for Editor in 0.43 ms, found 3 plugins.
Preloading 0 native plugins for Editor in 0.00 ms.
Unloading 2534 Unused Serialized files (Serialized files now loaded: 0)
System memory in use before: 113.3 MB.
System memory in use after: 113.4 MB.

Unloading 24 unused Assets to reduce memory usage. Loaded Objects now: 2989.
Total: 6.333800 ms (FindLiveObjects: 0.269500 ms CreateObjectMapping: 0.100700 ms MarkObjects: 5.856700 ms  DeleteObjects: 0.104300 ms)

AssetImportParameters requested are different than current active one (requested -> active):
  custom:framework-win-MediaFoundation: 216162199b28c13a410421893ffa2e32 -> 
  custom:video-decoder-ogg-theora: a1e56fd34408186e4bbccfd4996cb3dc -> 
  custom:container-muxer-webm: aa71ff27fc2769a1b78a27578f13a17b -> 
  custom:container-demuxer-webm: 4f35f7cbe854078d1ac9338744f61a02 -> 
  custom:container-demuxer-ogg: 62fdf1f143b41e24485cea50d1cbac27 -> 
  custom:video-encoder-webm-vp8: eb34c28f22e8b96e1ab97ce403110664 -> 
  custom:video-codec-MediaFoundation-h265: 746d11721c4dcdbdad8f713fa42b33f4 -> 
  custom:video-decoder-webm-vp8: 9c59270c3fd7afecdb556c50c9e8de78 -> 
  custom:audio-decoder-ogg-vorbis: bf7c407c2cedff20999df2af8eb42d56 -> 
  custom:audio-encoder-webm-vorbis: bf7c407c2cedff20999df2af8eb42d56 -> 
AssetImportWorkerClient::OnTransportError - code=2 error=End of file
